2025-10-30 18:43:14.148 | INFO     | src.main:main:239 - ============================================================
2025-10-30 18:43:14.148 | INFO     | src.main:main:240 - COLETOR DE PROCESSOS TJSP - 1º GRAU
2025-10-30 18:43:14.149 | INFO     | src.main:main:241 - ============================================================
2025-10-30 18:43:14.149 | INFO     | src.scraper:setup:37 - Inicializando browser...
2025-10-30 18:43:15.271 | INFO     | src.scraper:setup:62 - Browser inicializado com sucesso
2025-10-30 18:43:15.273 | INFO     | src.main:load_process_list:69 - Carregados 1 processos do arquivo teste.csv
2025-10-30 18:43:15.273 | INFO     | src.main:main:273 - Total de processos para coletar: 1
2025-10-30 18:43:15.274 | INFO     | src.main:main:280 - [1/1] Processando...
2025-10-30 18:43:15.275 | INFO     | src.main:collect_single_process:92 - Coletando processo: 1028484-65.2019.8.26.0576
2025-10-30 18:43:15.276 | INFO     | src.scraper:search_by_process_number:106 - Buscando processo: 1028484-65.2019.8.26.0576
2025-10-30 18:44:27.090 | WARNING  | src.scraper:search_by_process_number:196 - Processo 1028484-65.2019.8.26.0576 não encontrado ou em segredo
2025-10-30 18:44:27.091 | WARNING  | src.main:collect_single_process:102 - ✗ Processo 1028484-65.2019.8.26.0576 não encontrado ou em segredo
2025-10-30 18:44:27.092 | INFO     | src.main:main:290 - Exportando resultados...
2025-10-30 18:44:27.092 | WARNING  | src.main:main:309 - Processos com erro: 1
2025-10-30 18:44:27.092 | ERROR    | src.main:main:311 -   - 1028484-65.2019.8.26.0576: Processo não encontrado ou em segredo de justiça
2025-10-30 18:44:27.093 | INFO     | src.main:main:314 - ============================================================
2025-10-30 18:44:27.093 | INFO     | src.main:main:315 - COLETA FINALIZADA
2025-10-30 18:44:27.093 | INFO     | src.main:main:316 - ✓ Sucesso: 0 processos
2025-10-30 18:44:27.094 | INFO     | src.main:main:317 - ✗ Erro: 1 processos
2025-10-30 18:44:27.094 | INFO     | src.main:main:318 - 📁 Resultados salvos em: teste_saida
2025-10-30 18:44:27.094 | INFO     | src.main:main:319 - ============================================================
2025-10-30 18:44:27.151 | INFO     | src.scraper:cleanup:70 - Browser fechado
