2025-10-30 18:28:26.860 | INFO     | src.main:main:239 - ============================================================
2025-10-30 18:28:26.860 | INFO     | src.main:main:240 - COLETOR DE PROCESSOS TJSP - 1º GRAU
2025-10-30 18:28:26.861 | INFO     | src.main:main:241 - ============================================================
2025-10-30 18:28:26.862 | INFO     | src.scraper:setup:37 - Inicializando browser...
2025-10-30 18:28:28.007 | INFO     | src.scraper:setup:62 - Browser inicializado com sucesso
2025-10-30 18:28:28.008 | INFO     | src.main:load_process_list:69 - Carregados 1 processos do arquivo teste.csv
2025-10-30 18:28:28.008 | INFO     | src.main:main:273 - Total de processos para coletar: 1
2025-10-30 18:28:28.009 | INFO     | src.main:main:280 - [1/1] Processando...
2025-10-30 18:28:28.009 | INFO     | src.main:collect_single_process:92 - Coletando processo: 1000000-00.2020.8.26.0000
2025-10-30 18:28:28.010 | INFO     | src.scraper:search_by_process_number:106 - Buscando processo: 1000000-00.2020.8.26.0000
2025-10-30 18:29:37.294 | WARNING  | src.scraper:search_by_process_number:196 - Processo 1000000-00.2020.8.26.0000 não encontrado ou em segredo
2025-10-30 18:29:37.295 | WARNING  | src.main:collect_single_process:102 - ✗ Processo 1000000-00.2020.8.26.0000 não encontrado ou em segredo
2025-10-30 18:29:37.295 | INFO     | src.main:main:290 - Exportando resultados...
2025-10-30 18:29:37.296 | WARNING  | src.main:main:309 - Processos com erro: 1
2025-10-30 18:29:37.296 | ERROR    | src.main:main:311 -   - 1000000-00.2020.8.26.0000: Processo não encontrado ou em segredo de justiça
2025-10-30 18:29:37.296 | INFO     | src.main:main:314 - ============================================================
2025-10-30 18:29:37.297 | INFO     | src.main:main:315 - COLETA FINALIZADA
2025-10-30 18:29:37.297 | INFO     | src.main:main:316 - ✓ Sucesso: 0 processos
2025-10-30 18:29:37.297 | INFO     | src.main:main:317 - ✗ Erro: 1 processos
2025-10-30 18:29:37.298 | INFO     | src.main:main:318 - 📁 Resultados salvos em: teste_saida
2025-10-30 18:29:37.298 | INFO     | src.main:main:319 - ============================================================
2025-10-30 18:29:37.354 | INFO     | src.scraper:cleanup:70 - Browser fechado
