2025-10-30 16:43:15.712 | INFO     | src.main:main:239 - ============================================================
2025-10-30 16:43:15.713 | INFO     | src.main:main:240 - COLETOR DE PROCESSOS TJSP - 1º GRAU
2025-10-30 16:43:15.714 | INFO     | src.main:main:241 - ============================================================
2025-10-30 16:43:15.714 | INFO     | src.scraper:setup:37 - Inicializando browser...
2025-10-30 16:43:16.895 | INFO     | src.scraper:setup:62 - Browser inicializado com sucesso
2025-10-30 16:43:16.897 | INFO     | src.main:load_process_list:69 - Carregados 1 processos do arquivo input/processo_rio_nieva.csv
2025-10-30 16:43:16.897 | INFO     | src.main:main:273 - Total de processos para coletar: 1
2025-10-30 16:43:16.897 | INFO     | src.main:main:280 - [1/1] Processando...
2025-10-30 16:43:16.898 | INFO     | src.main:collect_single_process:92 - Coletando processo: 1028484-65.2019.8.26.0576
2025-10-30 16:43:16.898 | INFO     | src.scraper:search_by_process_number:106 - Buscando processo: 1028484-65.2019.8.26.0576
2025-10-30 16:44:08.352 | WARNING  | src.scraper:search_by_process_number:196 - Processo 1028484-65.2019.8.26.0576 não encontrado ou em segredo
2025-10-30 16:44:08.353 | WARNING  | src.main:collect_single_process:102 - ✗ Processo 1028484-65.2019.8.26.0576 não encontrado ou em segredo
2025-10-30 16:44:08.354 | INFO     | src.main:main:290 - Exportando resultados...
2025-10-30 16:44:08.354 | WARNING  | src.main:main:309 - Processos com erro: 1
2025-10-30 16:44:08.354 | ERROR    | src.main:main:311 -   - 1028484-65.2019.8.26.0576: Processo não encontrado ou em segredo de justiça
2025-10-30 16:44:08.355 | INFO     | src.main:main:314 - ============================================================
2025-10-30 16:44:08.355 | INFO     | src.main:main:315 - COLETA FINALIZADA
2025-10-30 16:44:08.356 | INFO     | src.main:main:316 - ✓ Sucesso: 0 processos
2025-10-30 16:44:08.356 | INFO     | src.main:main:317 - ✗ Erro: 1 processos
2025-10-30 16:44:08.357 | INFO     | src.main:main:318 - 📁 Resultados salvos em: output/rio_nieva_coleta
2025-10-30 16:44:08.357 | INFO     | src.main:main:319 - ============================================================
2025-10-30 16:44:08.421 | INFO     | src.scraper:cleanup:70 - Browser fechado
