2025-10-30 18:29:48.112 | INFO     | src.main:main:239 - ============================================================
2025-10-30 18:29:48.112 | INFO     | src.main:main:240 - COLETOR DE PROCESSOS TJSP - 1º GRAU
2025-10-30 18:29:48.113 | INFO     | src.main:main:241 - ============================================================
2025-10-30 18:29:48.113 | INFO     | src.scraper:setup:37 - Inicializando browser...
2025-10-30 18:29:49.236 | INFO     | src.scraper:setup:62 - Browser inicializado com sucesso
2025-10-30 18:29:49.237 | INFO     | src.main:load_process_list:69 - Carregados 1 processos do arquivo teste.csv
2025-10-30 18:29:49.238 | INFO     | src.main:main:273 - Total de processos para coletar: 1
2025-10-30 18:29:49.238 | INFO     | src.main:main:280 - [1/1] Processando...
2025-10-30 18:29:49.239 | INFO     | src.main:collect_single_process:92 - Coletando processo: 1028484-65.2019.8.26.0576
2025-10-30 18:29:49.239 | INFO     | src.scraper:search_by_process_number:106 - Buscando processo: 1028484-65.2019.8.26.0576
2025-10-30 18:31:10.926 | WARNING  | src.scraper:search_by_process_number:196 - Processo 1028484-65.2019.8.26.0576 não encontrado ou em segredo
2025-10-30 18:31:10.927 | WARNING  | src.main:collect_single_process:102 - ✗ Processo 1028484-65.2019.8.26.0576 não encontrado ou em segredo
2025-10-30 18:31:10.927 | INFO     | src.main:main:290 - Exportando resultados...
2025-10-30 18:31:10.928 | WARNING  | src.main:main:309 - Processos com erro: 1
2025-10-30 18:31:10.928 | ERROR    | src.main:main:311 -   - 1028484-65.2019.8.26.0576: Processo não encontrado ou em segredo de justiça
2025-10-30 18:31:10.929 | INFO     | src.main:main:314 - ============================================================
2025-10-30 18:31:10.929 | INFO     | src.main:main:315 - COLETA FINALIZADA
2025-10-30 18:31:10.929 | INFO     | src.main:main:316 - ✓ Sucesso: 0 processos
2025-10-30 18:31:10.930 | INFO     | src.main:main:317 - ✗ Erro: 1 processos
2025-10-30 18:31:10.930 | INFO     | src.main:main:318 - 📁 Resultados salvos em: teste_saida
2025-10-30 18:31:10.931 | INFO     | src.main:main:319 - ============================================================
2025-10-30 18:31:10.988 | INFO     | src.scraper:cleanup:70 - Browser fechado
