2025-10-30 15:25:06.925 | INFO     | src.main:main:239 - ============================================================
2025-10-30 15:25:06.925 | INFO     | src.main:main:240 - COLETOR DE PROCESSOS TJSP - 1º GRAU
2025-10-30 15:25:06.926 | INFO     | src.main:main:241 - ============================================================
2025-10-30 15:25:06.926 | INFO     | src.scraper:setup:36 - Inicializando browser...
2025-10-30 15:25:08.111 | INFO     | src.scraper:setup:61 - Browser inicializado com sucesso
2025-10-30 15:25:08.113 | INFO     | src.main:load_process_list:69 - Carregados 1 processos do arquivo input/processo_real.csv
2025-10-30 15:25:08.113 | INFO     | src.main:main:273 - Total de processos para coletar: 1
2025-10-30 15:25:08.114 | INFO     | src.main:main:280 - [1/1] Processando...
2025-10-30 15:25:08.114 | INFO     | src.main:collect_single_process:92 - Coletando processo: 1028484-65.2019.8.26.0576
2025-10-30 15:25:08.115 | INFO     | src.scraper:search_by_process_number:105 - Buscando processo: 1028484-65.2019.8.26.0576
2025-10-30 15:25:37.099 | WARNING  | src.scraper:search_by_process_number:145 - Link do processo 1028484-65.2019.8.26.0576 não encontrado nos resultados
2025-10-30 15:25:37.100 | WARNING  | src.main:collect_single_process:102 - ✗ Processo 1028484-65.2019.8.26.0576 não encontrado ou em segredo
2025-10-30 15:25:37.101 | INFO     | src.main:main:290 - Exportando resultados...
2025-10-30 15:25:37.101 | WARNING  | src.main:main:309 - Processos com erro: 1
2025-10-30 15:25:37.102 | ERROR    | src.main:main:311 -   - 1028484-65.2019.8.26.0576: Processo não encontrado ou em segredo de justiça
2025-10-30 15:25:37.102 | INFO     | src.main:main:314 - ============================================================
2025-10-30 15:25:37.102 | INFO     | src.main:main:315 - COLETA FINALIZADA
2025-10-30 15:25:37.103 | INFO     | src.main:main:316 - ✓ Sucesso: 0 processos
2025-10-30 15:25:37.103 | INFO     | src.main:main:317 - ✗ Erro: 1 processos
2025-10-30 15:25:37.104 | INFO     | src.main:main:318 - 📁 Resultados salvos em: output/processo_real_corrigido
2025-10-30 15:25:37.104 | INFO     | src.main:main:319 - ============================================================
2025-10-30 15:25:37.169 | INFO     | src.scraper:cleanup:69 - Browser fechado
