2025-10-30 17:14:44.380 | INFO     | src.main:main:239 - ============================================================
2025-10-30 17:14:44.381 | INFO     | src.main:main:240 - COLETOR DE PROCESSOS TJSP - 1º GRAU
2025-10-30 17:14:44.381 | INFO     | src.main:main:241 - ============================================================
2025-10-30 17:14:44.382 | INFO     | src.scraper:setup:37 - Inicializando browser...
2025-10-30 17:14:45.596 | INFO     | src.scraper:setup:62 - Browser inicializado com sucesso
2025-10-30 17:14:45.598 | INFO     | src.main:load_process_list:69 - Carregados 3 processos do arquivo processos_amostra.csv
2025-10-30 17:14:45.598 | INFO     | src.main:main:273 - Total de processos para coletar: 3
2025-10-30 17:14:45.599 | INFO     | src.main:main:280 - [1/3] Processando...
2025-10-30 17:14:45.599 | INFO     | src.main:collect_single_process:92 - Coletando processo: 1028484-65.2019.8.26.0576
2025-10-30 17:14:45.600 | INFO     | src.scraper:search_by_process_number:106 - Buscando processo: 1028484-65.2019.8.26.0576
2025-10-30 17:14:59.160 | WARNING  | src.scraper:search_by_process_number:196 - Processo 1028484-65.2019.8.26.0576 não encontrado ou em segredo
2025-10-30 17:14:59.161 | WARNING  | src.main:collect_single_process:102 - ✗ Processo 1028484-65.2019.8.26.0576 não encontrado ou em segredo
2025-10-30 17:15:00.382 | INFO     | src.main:main:280 - [2/3] Processando...
2025-10-30 17:15:00.383 | INFO     | src.main:collect_single_process:92 - Coletando processo: 1010187-44.2018.8.26.0576
2025-10-30 17:15:00.383 | INFO     | src.scraper:search_by_process_number:106 - Buscando processo: 1010187-44.2018.8.26.0576
2025-10-30 17:15:13.407 | WARNING  | src.scraper:search_by_process_number:196 - Processo 1010187-44.2018.8.26.0576 não encontrado ou em segredo
2025-10-30 17:15:13.408 | WARNING  | src.main:collect_single_process:102 - ✗ Processo 1010187-44.2018.8.26.0576 não encontrado ou em segredo
2025-10-30 17:15:16.125 | INFO     | src.main:main:280 - [3/3] Processando...
2025-10-30 17:15:16.125 | INFO     | src.main:collect_single_process:92 - Coletando processo: 1056801-44.2017.8.26.0576
2025-10-30 17:15:16.126 | INFO     | src.scraper:search_by_process_number:106 - Buscando processo: 1056801-44.2017.8.26.0576
2025-10-30 17:15:30.189 | WARNING  | src.scraper:search_by_process_number:196 - Processo 1056801-44.2017.8.26.0576 não encontrado ou em segredo
2025-10-30 17:15:30.190 | WARNING  | src.main:collect_single_process:102 - ✗ Processo 1056801-44.2017.8.26.0576 não encontrado ou em segredo
2025-10-30 17:15:30.191 | INFO     | src.main:main:290 - Exportando resultados...
2025-10-30 17:15:30.191 | WARNING  | src.main:main:309 - Processos com erro: 3
2025-10-30 17:15:30.192 | ERROR    | src.main:main:311 -   - 1028484-65.2019.8.26.0576: Processo não encontrado ou em segredo de justiça
2025-10-30 17:15:30.193 | ERROR    | src.main:main:311 -   - 1010187-44.2018.8.26.0576: Processo não encontrado ou em segredo de justiça
2025-10-30 17:15:30.193 | ERROR    | src.main:main:311 -   - 1056801-44.2017.8.26.0576: Processo não encontrado ou em segredo de justiça
2025-10-30 17:15:30.193 | INFO     | src.main:main:314 - ============================================================
2025-10-30 17:15:30.194 | INFO     | src.main:main:315 - COLETA FINALIZADA
2025-10-30 17:15:30.195 | INFO     | src.main:main:316 - ✓ Sucesso: 0 processos
2025-10-30 17:15:30.195 | INFO     | src.main:main:317 - ✗ Erro: 3 processos
2025-10-30 17:15:30.195 | INFO     | src.main:main:318 - 📁 Resultados salvos em: amostra_dados_completos
2025-10-30 17:15:30.196 | INFO     | src.main:main:319 - ============================================================
2025-10-30 17:15:30.263 | INFO     | src.scraper:cleanup:70 - Browser fechado
