2025-10-30 15:20:17.483 | INFO     | src.main:main:239 - ============================================================
2025-10-30 15:20:17.484 | INFO     | src.main:main:240 - COLETOR DE PROCESSOS TJSP - 1º GRAU
2025-10-30 15:20:17.485 | INFO     | src.main:main:241 - ============================================================
2025-10-30 15:20:17.485 | INFO     | src.scraper:setup:36 - Inicializando browser...
2025-10-30 15:20:18.663 | INFO     | src.scraper:setup:61 - Browser inicializado com sucesso
2025-10-30 15:20:18.664 | INFO     | src.main:load_process_list:69 - Carregados 1 processos do arquivo input/teste_um_processo.csv
2025-10-30 15:20:18.665 | INFO     | src.main:main:273 - Total de processos para coletar: 1
2025-10-30 15:20:18.665 | INFO     | src.main:main:280 - [1/1] Processando...
2025-10-30 15:20:18.666 | INFO     | src.main:collect_single_process:92 - Coletando processo: 1000032-02.2024.8.26.0100
2025-10-30 15:20:18.666 | INFO     | src.scraper:search_by_process_number:105 - Buscando processo: 1000032-02.2024.8.26.0100
2025-10-30 15:20:48.562 | SUCCESS  | src.main:collect_single_process:100 - ✓ Processo 1000032-02.2024.8.26.0100 coletado com sucesso
2025-10-30 15:20:48.562 | INFO     | src.main:main:290 - Exportando resultados...
2025-10-30 15:20:48.569 | INFO     | src.exporter:export_to_csv:81 - Processos exportados para: output/validacao_final/processos_20251030_152048.csv
2025-10-30 15:20:48.570 | INFO     | src.exporter:export_to_json:110 - Dados exportados para JSON: output/validacao_final/processos_20251030_152048.json
2025-10-30 15:20:48.603 | INFO     | src.exporter:export_html_dashboard:473 - Dashboard HTML gerado: output/validacao_final/dashboard_20251030_152048.html
2025-10-30 15:20:48.604 | INFO     | src.exporter:export_html_dashboard:480 - Análise JSON salva: output/validacao_final/analise_20251030_152048.json
2025-10-30 15:20:48.605 | INFO     | src.main:main:314 - ============================================================
2025-10-30 15:20:48.605 | INFO     | src.main:main:315 - COLETA FINALIZADA
2025-10-30 15:20:48.606 | INFO     | src.main:main:316 - ✓ Sucesso: 1 processos
2025-10-30 15:20:48.606 | INFO     | src.main:main:317 - ✗ Erro: 0 processos
2025-10-30 15:20:48.607 | INFO     | src.main:main:318 - 📁 Resultados salvos em: output/validacao_final
2025-10-30 15:20:48.607 | INFO     | src.main:main:319 - ============================================================
2025-10-30 15:20:48.676 | INFO     | src.scraper:cleanup:69 - Browser fechado
